Aug-12 23:39:48.716 [main] DEBUG nextflow.cli.Launcher - $> nextflow run nf-core/rnaseq -r 3.14.0 --input /mnt/d/Nextflow_data/References/RNA-seq/samples_rnaseq.csv --genome GRCh38 --aligner star_salmon --skip_rsem --outdir /mnt/d/Nextflow_data/results/rnaseq_star_salmon -profile docker --max_cpus 6 --max_memory 27.GB --max_time 72.h --save_reference true --extra_star_align_args '--twopassMode None --limitBAMsortRAM 20000000000' -c /mnt/d/Nextflow_data/config/star_boost.config -with-report -with-trace -with-timeline -resume
Aug-12 23:39:48.765 [main] DEBUG nextflow.cli.CmdRun - N E X T F L O W  ~  version 25.04.6
Aug-12 23:39:48.786 [main] DEBUG nextflow.plugin.PluginsFacade - Setting up plugin manager > mode=prod; embedded=false; plugins-dir=/home/user/.nextflow/plugins; core-plugins: nf-amazon@2.15.0,nf-azure@1.16.0,nf-cloudcache@0.4.3,nf-codecommit@0.2.3,nf-console@1.2.1,nf-google@1.21.1,nf-k8s@1.0.0,nf-tower@1.11.4,nf-wave@1.12.1
Aug-12 23:39:48.812 [main] INFO  o.pf4j.DefaultPluginStatusProvider - Enabled plugins: []
Aug-12 23:39:48.814 [main] INFO  o.pf4j.DefaultPluginStatusProvider - Disabled plugins: []
Aug-12 23:39:48.816 [main] INFO  org.pf4j.DefaultPluginManager - PF4J version 3.12.0 in 'deployment' mode
Aug-12 23:39:48.829 [main] INFO  org.pf4j.AbstractPluginManager - No plugins
Aug-12 23:39:48.843 [main] DEBUG nextflow.scm.ProviderConfig - Using SCM config path: /home/user/.nextflow/scm
Aug-12 23:39:49.358 [main] DEBUG nextflow.scm.AssetManager - Git config: /home/user/.nextflow/assets/nf-core/rnaseq/.git/config; branch: null; remote: origin; url: https://github.com/nf-core/rnaseq.git
Aug-12 23:39:49.383 [main] DEBUG nextflow.scm.RepositoryFactory - Found Git repository result: [RepositoryFactory]
Aug-12 23:39:49.390 [main] DEBUG nextflow.scm.AssetManager - Git config: /home/user/.nextflow/assets/nf-core/rnaseq/.git/config; branch: null; remote: origin; url: https://github.com/nf-core/rnaseq.git
Aug-12 23:39:50.257 [main] DEBUG nextflow.config.ConfigBuilder - Found config base: /home/user/.nextflow/assets/nf-core/rnaseq/nextflow.config
Aug-12 23:39:50.259 [main] DEBUG nextflow.config.ConfigBuilder - User config file: /mnt/d/Nextflow_data/config/star_boost.config
Aug-12 23:39:50.260 [main] DEBUG nextflow.config.ConfigBuilder - Parsing config file: /home/user/.nextflow/assets/nf-core/rnaseq/nextflow.config
Aug-12 23:39:50.260 [main] DEBUG nextflow.config.ConfigBuilder - Parsing config file: /mnt/d/Nextflow_data/config/star_boost.config
Aug-12 23:39:50.266 [main] DEBUG n.secret.LocalSecretsProvider - Secrets store: /home/user/.nextflow/secrets/store.json
Aug-12 23:39:50.268 [main] DEBUG nextflow.secret.SecretsLoader - Discovered secrets providers: [nextflow.secret.LocalSecretsProvider@236ae13d] - activable => nextflow.secret.LocalSecretsProvider@236ae13d
Aug-12 23:39:50.273 [main] DEBUG nextflow.config.ConfigBuilder - Applying config profile: `docker`
Aug-12 23:39:51.825 [main] DEBUG nextflow.config.ConfigBuilder - Applying config profile: `docker`
Aug-12 23:39:51.851 [main] DEBUG nextflow.config.ConfigBuilder - Available config profiles: [bih, cfc_dev, uzl_omics, ifb_core, embl_hd, denbi_qbic, alice, mjolnir_globe, uppmax, giga, incliva, ilifu, ki_luria, uge, icr_alma, rosalind_uge, lugh, mccleary, unibe_ibu, vai, czbiohub_aws, jax, roslin, tes, scw, unc_longleaf, tigem, tubingen_apg, google, apollo, ipop_up, vsc_calcua, pdc_kth, googlels, ceci_nic5, ccga_cau, humantechnopole, stjude, daisybio, eddie, medair, biowulf, apptainer, bi, bigpurple, test_full_gcp, adcra, cedars, pawsey_setonix, vsc_kul_uhasselt, pawsey_nimbus, ucl_myriad, utd_ganymede, charliecloud, fred_hutch, seattlechildrens, icr_davros, ceres, munin, arm, rosalind, hasta, cfc, uzh, test_full_aws, shu_bmrc, ebi_codon_slurm, ebc, ccga_dx, crick, ku_sund_danhead, marvin, biohpc_gen, shifter, mana, mamba, york_viking, unc_lccc, wehi, awsbatch, wustl_htcf, arcc, ceci_dragon2, imperial, maestro, software_license, cannon, genotoul, nci_gadi, abims, eva_grace, janelia, nu_genomics, googlebatch, oist, sahmri, kaust, alliance_canada, mpcdf, leicester, vsc_ugent, create, sage, cambridge, jex, podman, ebi_codon, cheaha, xanadu, nyu_hpc, test, marjorie, computerome, ucd_sonic, seg_globe, mssm, sanger, dkfz, bluebear, pasteur, einstein, ethz_euler, m3c, test_full, imb, ucl_cscluster, tuos_stanage, azurebatch, hki, seadragon, crukmi, csiro_petrichor, qmul_apocrita, docker, engaging, gis, hypatia, psmn, test_full_azure, eva, unity, cropdiversityhpc, nygc, fgcz, conda, crg, singularity, mpcdf_viper, pe2, self_hosted_runner, tufts, uw_hyak_pedslabs, binac2, utd_sysbio, debug, genouest, cbe, unsw_katana, utd_juno, test_cache, phoenix, gitpod, seawulf, uod_hpc, fub_curta, uct_hpc, aws_tower, binac, fsu_draco]
Aug-12 23:39:51.857 [main] WARN  nextflow.config.ConfigBuilder - It appears you have never run this project before -- Option `-resume` is ignored
Aug-12 23:39:51.891 [main] DEBUG nextflow.cli.CmdRun - Applied DSL=2 from script declaration
Aug-12 23:39:51.892 [main] DEBUG nextflow.cli.CmdRun - Launching `https://github.com/nf-core/rnaseq` [high_kalman] DSL2 - revision: b89fac3265 [3.14.0]
Aug-12 23:39:51.893 [main] DEBUG nextflow.plugin.PluginsFacade - Plugins declared=[nf-validation@1.1.3]
Aug-12 23:39:51.894 [main] DEBUG nextflow.plugin.PluginsFacade - Plugins default=[]
Aug-12 23:39:51.895 [main] DEBUG nextflow.plugin.PluginsFacade - Plugins resolved requirement=[nf-validation@1.1.3]
Aug-12 23:39:51.897 [main] DEBUG nextflow.plugin.PluginUpdater - Installing plugin nf-validation version: 1.1.3
Aug-12 23:39:51.970 [main] INFO  org.pf4j.AbstractPluginManager - Plugin 'nf-validation@1.1.3' resolved
Aug-12 23:39:51.970 [main] INFO  org.pf4j.AbstractPluginManager - Start plugin 'nf-validation@1.1.3'
Aug-12 23:39:51.982 [main] DEBUG nextflow.plugin.BasePlugin - Plugin started nf-validation@1.1.3
Aug-12 23:39:52.026 [main] DEBUG nextflow.Session - Session UUID: ab575594-8f49-4e66-82e3-82a4f49e100d
Aug-12 23:39:52.027 [main] DEBUG nextflow.Session - Run name: high_kalman
Aug-12 23:39:52.027 [main] DEBUG nextflow.Session - Executor pool size: 8
Aug-12 23:39:52.033 [main] DEBUG nextflow.file.FilePorter - File porter settings maxRetries=3; maxTransfers=50; pollTimeout=null
Aug-12 23:39:52.036 [main] DEBUG nextflow.util.ThreadPoolBuilder - Creating thread pool 'FileTransfer' minSize=10; maxSize=24; workQueue=LinkedBlockingQueue[-1]; allowCoreThreadTimeout=false
Aug-12 23:39:52.056 [main] DEBUG nextflow.cli.CmdRun - 
  Version: 25.04.6 build 5954
  Created: 01-07-2025 11:27 UTC (20:27 JDT)
  System: Linux 6.6.87.2-microsoft-standard-WSL2
  Runtime: Groovy 4.0.26 on OpenJDK 64-Bit Server VM 17.0.15+6-Ubuntu-0ubuntu124.04
  Encoding: UTF-8 (UTF-8)
  Process: 386802@DESKTOP-FVAN7C8 [127.0.1.1]
  CPUs: 8 - Mem: 27.4 GB (25.9 GB) - Swap: 32 GB (32 GB)
Aug-12 23:39:52.084 [main] DEBUG nextflow.Session - Work-dir: /mnt/d/Nextflow_data/work [v9fs]
Aug-12 23:39:52.107 [main] DEBUG nextflow.executor.ExecutorFactory - Extension executors providers=[]
Aug-12 23:39:52.116 [main] DEBUG nextflow.Session - Observer factory: DefaultObserverFactory
Aug-12 23:39:52.129 [main] DEBUG nextflow.Session - Observer factory (v2): LinObserverFactory
Aug-12 23:39:52.157 [main] DEBUG nextflow.cache.CacheFactory - Using Nextflow cache factory: nextflow.cache.DefaultCacheFactory
Aug-12 23:39:52.166 [main] DEBUG nextflow.util.CustomThreadPool - Creating default thread pool > poolSize: 9; maxThreads: 1000
Aug-12 23:39:52.244 [main] DEBUG nextflow.Session - Session start
Aug-12 23:39:52.248 [main] DEBUG nextflow.trace.TraceFileObserver - Workflow started -- trace file: /mnt/d/Nextflow_data/results/rnaseq_star_salmon/pipeline_info/execution_trace_2025-08-12_23-39-51.txt
Aug-12 23:39:52.255 [main] DEBUG nextflow.Session - Using default localLib path: /home/user/.nextflow/assets/nf-core/rnaseq/lib
Aug-12 23:39:52.258 [main] DEBUG nextflow.Session - Adding to the classpath library: /home/user/.nextflow/assets/nf-core/rnaseq/lib
Aug-12 23:39:52.259 [main] DEBUG nextflow.Session - Adding to the classpath library: /home/user/.nextflow/assets/nf-core/rnaseq/lib/nfcore_external_java_deps.jar
Aug-12 23:39:52.539 [main] DEBUG nextflow.script.ScriptRunner - > Launching execution
Aug-12 23:39:52.548 [main] DEBUG nextflow.script.IncludeDef - Loading included plugin extensions with names: [validateParameters:validateParameters, paramsHelp:paramsHelp]; plugin Id: nf-validation
Aug-12 23:39:52.563 [main] DEBUG nextflow.validation.SchemaValidator - Starting parameters validation
Aug-12 23:39:52.586 [main] DEBUG nextflow.validation.SchemaValidator - Ignoring validation of S3 URL path 's3://ngi-igenomes/igenomes/Homo_sapiens/NCBI/GRCh38/Sequence/STARIndex/'
Aug-12 23:39:52.587 [main] DEBUG nextflow.validation.SchemaValidator - Ignoring validation of S3 URL path 's3://ngi-igenomes/igenomes/Homo_sapiens/NCBI/GRCh38/Annotation/Genes/genes.bed'
Aug-12 23:39:52.587 [main] DEBUG nextflow.validation.SchemaValidator - Ignoring validation of S3 URL path 's3://ngi-igenomes/igenomes/Homo_sapiens/NCBI/GRCh38/Annotation/Genes/genes.gtf'
Aug-12 23:39:52.587 [main] DEBUG nextflow.validation.SchemaValidator - Ignoring validation of S3 URL path 's3://ngi-igenomes/igenomes/Homo_sapiens/NCBI/GRCh38/Sequence/WholeGenomeFasta/genome.fa'
Aug-12 23:39:52.651 [main] WARN  nextflow.validation.SchemaValidator - The following invalid input values have been detected:

* --skip_rsem: true


Aug-12 23:39:52.660 [main] DEBUG n.validation.FilePathValidator - S3 paths are not supported by 'FilePathValidator': 's3://ngi-igenomes/igenomes/Homo_sapiens/NCBI/GRCh38/Annotation/Genes/genes.bed'
Aug-12 23:39:52.660 [main] DEBUG n.validation.FilePathValidator - S3 paths are not supported by 'FilePathValidator': 's3://ngi-igenomes/igenomes/Homo_sapiens/NCBI/GRCh38/Sequence/WholeGenomeFasta/genome.fa'
Aug-12 23:39:52.661 [main] DEBUG nextflow.validation.PathValidator - S3 paths are not supported by 'PathValidator': 's3://ngi-igenomes/igenomes/Homo_sapiens/NCBI/GRCh38/Sequence/STARIndex/'
Aug-12 23:39:52.661 [main] DEBUG n.validation.DirectoryPathValidator - S3 paths are not supported by 'DirectoryPathValidator': 's3://ngi-igenomes/igenomes'
Aug-12 23:39:52.661 [main] DEBUG n.validation.FilePathValidator - S3 paths are not supported by 'FilePathValidator': 's3://ngi-igenomes/igenomes/Homo_sapiens/NCBI/GRCh38/Annotation/Genes/genes.gtf'
Aug-12 23:39:52.663 [main] DEBUG nextflow.validation.SchemaValidator - Starting validation: 'input': '/mnt/d/Nextflow_data/References/RNA-seq/samples_rnaseq.csv' with '/home/user/.nextflow/assets/nf-core/rnaseq/assets/schema_input.json'
Aug-12 23:39:52.696 [main] ERROR nextflow.validation.SchemaValidator - ERROR: Validation of 'input' file failed!
Aug-12 23:39:52.699 [main] DEBUG nextflow.script.ScriptRunner - Parsed script files:
  Script_023d2c935be30472: /home/user/.nextflow/assets/nf-core/rnaseq/main.nf
Aug-12 23:39:52.700 [main] DEBUG nextflow.Session - Session aborted -- Cause: [0;31mThe following errors have been detected:

* -- Entry 1 - fastq_2: the file or directory '/mnt/d/Nextflow_data/RNA-seq/Normal/SRR9134479/SRR9134479_2.fastq.gz' does not exist.
* -- Entry 2 - fastq_2: the file or directory '/mnt/d/Nextflow_data/RNA-seq/Normal/SRR9134481/SRR9134481_2.fastq.gz' does not exist.
* -- Entry 3 - fastq_2: the file or directory '/mnt/d/Nextflow_data/RNA-seq/Normal/SRR9134536/SRR9134536_2.fastq.gz' does not exist.
* -- Entry 4 - fastq_2: the file or directory '/mnt/d/Nextflow_data/RNA-seq/Tumour/SRR11851092/SRR11851092_2.fastq.gz' does not exist.
* -- Entry 5 - fastq_2: the file or directory '/mnt/d/Nextflow_data/RNA-seq/Tumour/SRR11851093/SRR11851093_2.fastq.gz' does not exist.
* -- Entry 6 - fastq_2: the file or directory '/mnt/d/Nextflow_data/RNA-seq/Tumour/SRR11851094/SRR11851094_2.fastq.gz' does not exist.
* -- Entry 1 - fastq_1: the file or directory '/mnt/d/Nextflow_data/RNA-seq/Normal/SRR9134479/SRR9134479_1.fastq.gz' does not exist.
* -- Entry 2 - fastq_1: the file or directory '/mnt/d/Nextflow_data/RNA-seq/Normal/SRR9134481/SRR9134481_1.fastq.gz' does not exist.
* -- Entry 3 - fastq_1: the file or directory '/mnt/d/Nextflow_data/RNA-seq/Normal/SRR9134536/SRR9134536_1.fastq.gz' does not exist.
* -- Entry 4 - fastq_1: the file or directory '/mnt/d/Nextflow_data/RNA-seq/Tumour/SRR11851092/SRR11851092_1.fastq.gz' does not exist.
* -- Entry 5 - fastq_1: the file or directory '/mnt/d/Nextflow_data/RNA-seq/Tumour/SRR11851093/SRR11851093_1.fastq.gz' does not exist.
* -- Entry 6 - fastq_1: the file or directory '/mnt/d/Nextflow_data/RNA-seq/Tumour/SRR11851094/SRR11851094_1.fastq.gz' does not exist.
[0m

Aug-12 23:39:52.709 [main] DEBUG nextflow.cli.Launcher - Operation aborted
nextflow.validation.SchemaValidationException: [0;31mThe following errors have been detected:

* -- Entry 1 - fastq_2: the file or directory '/mnt/d/Nextflow_data/RNA-seq/Normal/SRR9134479/SRR9134479_2.fastq.gz' does not exist.
* -- Entry 2 - fastq_2: the file or directory '/mnt/d/Nextflow_data/RNA-seq/Normal/SRR9134481/SRR9134481_2.fastq.gz' does not exist.
* -- Entry 3 - fastq_2: the file or directory '/mnt/d/Nextflow_data/RNA-seq/Normal/SRR9134536/SRR9134536_2.fastq.gz' does not exist.
* -- Entry 4 - fastq_2: the file or directory '/mnt/d/Nextflow_data/RNA-seq/Tumour/SRR11851092/SRR11851092_2.fastq.gz' does not exist.
* -- Entry 5 - fastq_2: the file or directory '/mnt/d/Nextflow_data/RNA-seq/Tumour/SRR11851093/SRR11851093_2.fastq.gz' does not exist.
* -- Entry 6 - fastq_2: the file or directory '/mnt/d/Nextflow_data/RNA-seq/Tumour/SRR11851094/SRR11851094_2.fastq.gz' does not exist.
* -- Entry 1 - fastq_1: the file or directory '/mnt/d/Nextflow_data/RNA-seq/Normal/SRR9134479/SRR9134479_1.fastq.gz' does not exist.
* -- Entry 2 - fastq_1: the file or directory '/mnt/d/Nextflow_data/RNA-seq/Normal/SRR9134481/SRR9134481_1.fastq.gz' does not exist.
* -- Entry 3 - fastq_1: the file or directory '/mnt/d/Nextflow_data/RNA-seq/Normal/SRR9134536/SRR9134536_1.fastq.gz' does not exist.
* -- Entry 4 - fastq_1: the file or directory '/mnt/d/Nextflow_data/RNA-seq/Tumour/SRR11851092/SRR11851092_1.fastq.gz' does not exist.
* -- Entry 5 - fastq_1: the file or directory '/mnt/d/Nextflow_data/RNA-seq/Tumour/SRR11851093/SRR11851093_1.fastq.gz' does not exist.
* -- Entry 6 - fastq_1: the file or directory '/mnt/d/Nextflow_data/RNA-seq/Tumour/SRR11851094/SRR11851094_1.fastq.gz' does not exist.
[0m

	at nextflow.validation.SchemaValidator.validateFile(SchemaValidator.groovy:597)
	at nextflow.validation.SchemaValidator.validateParameters(SchemaValidator.groovy:444)
	at nextflow.validation.SchemaValidator.validateParameters(SchemaValidator.groovy)
	at java.base/jdk.internal.reflect.NativeMethodAccessorImpl.invoke0(Native Method)
	at java.base/jdk.internal.reflect.NativeMethodAccessorImpl.invoke(NativeMethodAccessorImpl.java:77)
	at java.base/jdk.internal.reflect.DelegatingMethodAccessorImpl.invoke(DelegatingMethodAccessorImpl.java:43)
	at java.base/java.lang.reflect.Method.invoke(Method.java:569)
	at nextflow.script.FunctionDef.invoke_a(FunctionDef.groovy:64)
	at nextflow.script.ComponentDef.invoke_o(ComponentDef.groovy:40)
	at nextflow.script.WorkflowBinding.invokeMethod(WorkflowBinding.groovy:105)
	at org.codehaus.groovy.vmplugin.v8.IndyInterface.fromCache(IndyInterface.java:321)
	at nextflow.script.BaseScript.invokeMethod(BaseScript.groovy:155)
	at org.codehaus.groovy.vmplugin.v8.IndyGuardsFiltersAndSignatures.invokeGroovyObjectInvoker(IndyGuardsFiltersAndSignatures.java:151)
	at org.codehaus.groovy.vmplugin.v8.IndyInterface.fromCache(IndyInterface.java:321)
	at Script_023d2c935be30472.runScript(Script_023d2c935be30472:52)
	at org.codehaus.groovy.vmplugin.v8.IndyInterface.fromCache(IndyInterface.java:321)
	at nextflow.script.BaseScript.run0(BaseScript.groovy:159)
	at org.codehaus.groovy.vmplugin.v8.IndyInterface.fromCache(IndyInterface.java:321)
	at nextflow.script.BaseScript.run(BaseScript.groovy:193)
	at nextflow.script.parser.v1.ScriptLoaderV1.runScript(ScriptLoaderV1.groovy:246)
	at nextflow.script.parser.v1.ScriptLoaderV1.runScript(ScriptLoaderV1.groovy)
	at nextflow.script.ScriptRunner.run(ScriptRunner.groovy:246)
	at nextflow.script.ScriptRunner.execute(ScriptRunner.groovy:139)
	at nextflow.cli.CmdRun.run(CmdRun.groovy:379)
	at nextflow.cli.Launcher.run(Launcher.groovy:513)
	at nextflow.cli.Launcher.main(Launcher.groovy:673)
